c:\users\nikol\onedrive\desktop\study\2kypc\оопип 2 курс\курсач оопип\курсач оопип\x64\release\vc143.pdb
c:\users\nikol\onedrive\desktop\study\2kypc\оопип 2 курс\курсач оопип\курсач оопип\x64\release\userbase.obj
c:\users\nikol\onedrive\desktop\study\2kypc\оопип 2 курс\курсач оопип\курсач оопип\x64\release\table.obj
c:\users\nikol\onedrive\desktop\study\2kypc\оопип 2 курс\курсач оопип\курсач оопип\x64\release\specialist.obj
c:\users\nikol\onedrive\desktop\study\2kypc\оопип 2 курс\курсач оопип\курсач оопип\x64\release\save.obj
c:\users\nikol\onedrive\desktop\study\2kypc\оопип 2 курс\курсач оопип\курсач оопип\x64\release\role.obj
c:\users\nikol\onedrive\desktop\study\2kypc\оопип 2 курс\курсач оопип\курсач оопип\x64\release\menu.obj
c:\users\nikol\onedrive\desktop\study\2kypc\оопип 2 курс\курсач оопип\курсач оопип\x64\release\manager.obj
c:\users\nikol\onedrive\desktop\study\2kypc\оопип 2 курс\курсач оопип\курсач оопип\x64\release\administration.obj
c:\users\nikol\onedrive\desktop\study\2kypc\оопип 2 курс\курсач оопип\курсач оопип\x64\release\курсач оопип.obj
c:\users\nikol\onedrive\desktop\study\2kypc\оопип 2 курс\курсач оопип\курсач оопип\x64\release\authorization.obj
c:\users\nikol\onedrive\desktop\study\2kypc\оопип 2 курс\курсач оопип\курсач оопип\x64\release\basicstaff.obj
c:\users\nikol\onedrive\desktop\study\2kypc\оопип 2 курс\курсач оопип\курсач оопип\x64\release\курсач оопип.ipdb
c:\users\nikol\onedrive\desktop\study\2kypc\оопип 2 курс\курсач оопип\курсач оопип\x64\release\курсач оопип.iobj
c:\users\nikol\onedrive\desktop\study\2kypc\оопип 2 курс\курсач оопип\x64\release\курсач оопип.pdb
c:\users\nikol\onedrive\desktop\study\2kypc\оопип 2 курс\курсач оопип\курсач оопип\x64\release\курсач оопип.tlog\cl.command.1.tlog
c:\users\nikol\onedrive\desktop\study\2kypc\оопип 2 курс\курсач оопип\курсач оопип\x64\release\курсач оопип.tlog\cl.items.tlog
c:\users\nikol\onedrive\desktop\study\2kypc\оопип 2 курс\курсач оопип\курсач оопип\x64\release\курсач оопип.tlog\cl.read.1.tlog
c:\users\nikol\onedrive\desktop\study\2kypc\оопип 2 курс\курсач оопип\курсач оопип\x64\release\курсач оопип.tlog\cl.write.1.tlog
c:\users\nikol\onedrive\desktop\study\2kypc\оопип 2 курс\курсач оопип\курсач оопип\x64\release\курсач оопип.tlog\link.command.1.tlog
c:\users\nikol\onedrive\desktop\study\2kypc\оопип 2 курс\курсач оопип\курсач оопип\x64\release\курсач оопип.tlog\link.read.1.tlog
c:\users\nikol\onedrive\desktop\study\2kypc\оопип 2 курс\курсач оопип\курсач оопип\x64\release\курсач оопип.tlog\link.secondary.1.tlog
c:\users\nikol\onedrive\desktop\study\2kypc\оопип 2 курс\курсач оопип\курсач оопип\x64\release\курсач оопип.tlog\link.write.1.tlog
